<?xml version="1.0" encoding="UTF-8"?>
<!-- Generated by org.testng.reporters.JUnitReportReporter -->
<testsuite skipped="0" hostname="DESKTOP-88R4V1U" name="celfar.NewTest2" tests="1" failures="0" timestamp="06 Sep 2017 02:04:38 GMT" time="3.177" errors="0">
  <testcase name="f" time="3.177" classname="celfar.NewTest2"/>
</testsuite> <!-- celfar.NewTest2 -->
